C:\Data\subit\SubIt\Angular\dist\out-tsc\src\app\account\models\token-response.js
C:\Data\subit\SubIt\Angular\dist\out-tsc\src\app\account\models\token-response.js.map
C:\Data\subit\SubIt\Angular\dist\out-tsc\src\app\account\models\user.js
C:\Data\subit\SubIt\Angular\dist\out-tsc\src\app\account\models\user.js.map
C:\Data\subit\SubIt\Angular\dist\out-tsc\src\app\account\account.service.js
C:\Data\subit\SubIt\Angular\dist\out-tsc\src\app\account\account.service.js.map
C:\Data\subit\SubIt\Angular\dist\out-tsc\src\app\account\account.component.js
C:\Data\subit\SubIt\Angular\dist\out-tsc\src\app\account\account.component.js.map
C:\Data\subit\SubIt\Angular\dist\out-tsc\src\app\account\register\register.component.js
C:\Data\subit\SubIt\Angular\dist\out-tsc\src\app\account\register\register.component.js.map
C:\Data\subit\SubIt\Angular\dist\out-tsc\src\app\blog\models\blog-comment.js
C:\Data\subit\SubIt\Angular\dist\out-tsc\src\app\blog\models\blog-comment.js.map
C:\Data\subit\SubIt\Angular\dist\out-tsc\src\app\blog\models\blog-entry-full.js
C:\Data\subit\SubIt\Angular\dist\out-tsc\src\app\blog\models\blog-entry-full.js.map
C:\Data\subit\SubIt\Angular\dist\out-tsc\src\app\blog\models\blog-entry.js
C:\Data\subit\SubIt\Angular\dist\out-tsc\src\app\blog\models\blog-entry.js.map
C:\Data\subit\SubIt\Angular\dist\out-tsc\src\app\blog\blog.service.js
C:\Data\subit\SubIt\Angular\dist\out-tsc\src\app\blog\blog.service.js.map
C:\Data\subit\SubIt\Angular\dist\out-tsc\src\app\blog\blog-entry\blog-entry.component.js
C:\Data\subit\SubIt\Angular\dist\out-tsc\src\app\blog\blog-entry\blog-entry.component.js.map
C:\Data\subit\SubIt\Angular\dist\out-tsc\src\app\blog\comment-list\comment-list.component.js
C:\Data\subit\SubIt\Angular\dist\out-tsc\src\app\blog\comment-list\comment-list.component.js.map
C:\Data\subit\SubIt\Angular\dist\out-tsc\src\app\blog\blog-list\blog-list.component.js
C:\Data\subit\SubIt\Angular\dist\out-tsc\src\app\blog\blog-list\blog-list.component.js.map
C:\Data\subit\SubIt\Angular\dist\out-tsc\src\app\blog\blog-entry-with-comments\blog-entry-with-comments.component.js
C:\Data\subit\SubIt\Angular\dist\out-tsc\src\app\blog\blog-entry-with-comments\blog-entry-with-comments.component.js.map
C:\Data\subit\SubIt\Angular\dist\out-tsc\src\app\admin\blog-manage\blog-manage.component.js
C:\Data\subit\SubIt\Angular\dist\out-tsc\src\app\admin\blog-manage\blog-manage.component.js.map
C:\Data\subit\SubIt\Angular\dist\out-tsc\src\app\admin\user-manage\user-manage.component.js
C:\Data\subit\SubIt\Angular\dist\out-tsc\src\app\admin\user-manage\user-manage.component.js.map
C:\Data\subit\SubIt\Angular\dist\out-tsc\src\app\app-routing.module.js
C:\Data\subit\SubIt\Angular\dist\out-tsc\src\app\app-routing.module.js.map
C:\Data\subit\SubIt\Angular\dist\out-tsc\src\app\app.component.js
C:\Data\subit\SubIt\Angular\dist\out-tsc\src\app\app.component.js.map
C:\Data\subit\SubIt\Angular\dist\out-tsc\src\app\account\login\login.component.js
C:\Data\subit\SubIt\Angular\dist\out-tsc\src\app\account\login\login.component.js.map
C:\Data\subit\SubIt\Angular\dist\out-tsc\src\app\app.module.js
C:\Data\subit\SubIt\Angular\dist\out-tsc\src\app\app.module.js.map
C:\Data\subit\SubIt\Angular\dist\out-tsc\src\environments\environment.js
C:\Data\subit\SubIt\Angular\dist\out-tsc\src\environments\environment.js.map
C:\Data\subit\SubIt\Angular\dist\out-tsc\src\main.js
C:\Data\subit\SubIt\Angular\dist\out-tsc\src\main.js.map
C:\Data\subit\SubIt\Angular\dist\out-tsc\src\polyfills.js
C:\Data\subit\SubIt\Angular\dist\out-tsc\src\polyfills.js.map
C:\Data\subit\SubIt\Angular\dist\out-tsc\src\test.js
C:\Data\subit\SubIt\Angular\dist\out-tsc\src\test.js.map
C:\Data\subit\SubIt\Angular\dist\out-tsc\src\environments\environment.prod.js
C:\Data\subit\SubIt\Angular\dist\out-tsc\src\environments\environment.prod.js.map
C:\Data\subit\SubIt\Angular\dist\out-tsc\src\app\app.component.spec.js
C:\Data\subit\SubIt\Angular\dist\out-tsc\src\app\app.component.spec.js.map
C:\Data\subit\SubIt\Angular\dist\out-tsc\src\app\blog\blog.service.spec.js
C:\Data\subit\SubIt\Angular\dist\out-tsc\src\app\blog\blog.service.spec.js.map
C:\Data\subit\SubIt\Angular\dist\out-tsc\src\app\blog\comment-list\comment-list.component.spec.js
C:\Data\subit\SubIt\Angular\dist\out-tsc\src\app\blog\comment-list\comment-list.component.spec.js.map
C:\Data\subit\SubIt\Angular\dist\out-tsc\src\app\blog\blog-list\blog-list.component.spec.js
C:\Data\subit\SubIt\Angular\dist\out-tsc\src\app\blog\blog-list\blog-list.component.spec.js.map
C:\Data\subit\SubIt\Angular\dist\out-tsc\src\app\blog\blog-entry-with-comments\blog-entry-with-comments.component.spec.js
C:\Data\subit\SubIt\Angular\dist\out-tsc\src\app\blog\blog-entry-with-comments\blog-entry-with-comments.component.spec.js.map
C:\Data\subit\SubIt\Angular\dist\out-tsc\src\app\blog\blog-entry\blog-entry.component.spec.js
C:\Data\subit\SubIt\Angular\dist\out-tsc\src\app\blog\blog-entry\blog-entry.component.spec.js.map
C:\Data\subit\SubIt\Angular\dist\out-tsc\src\app\admin\user-manage\user-manage.component.spec.js
C:\Data\subit\SubIt\Angular\dist\out-tsc\src\app\admin\user-manage\user-manage.component.spec.js.map
C:\Data\subit\SubIt\Angular\dist\out-tsc\src\app\admin\blog-manage\blog-manage.component.spec.js
C:\Data\subit\SubIt\Angular\dist\out-tsc\src\app\admin\blog-manage\blog-manage.component.spec.js.map
C:\Data\subit\SubIt\Angular\dist\out-tsc\src\app\account\account.component.spec.js
C:\Data\subit\SubIt\Angular\dist\out-tsc\src\app\account\account.component.spec.js.map
C:\Data\subit\SubIt\Angular\dist\out-tsc\src\app\account\account.service.spec.js
C:\Data\subit\SubIt\Angular\dist\out-tsc\src\app\account\account.service.spec.js.map
C:\Data\subit\SubIt\Angular\dist\out-tsc\src\app\account\register\register.component.spec.js
C:\Data\subit\SubIt\Angular\dist\out-tsc\src\app\account\register\register.component.spec.js.map
C:\Data\subit\SubIt\Angular\dist\out-tsc\src\app\account\login\login.component.spec.js
C:\Data\subit\SubIt\Angular\dist\out-tsc\src\app\account\login\login.component.spec.js.map
C:\Data\subit\SubIt\Angular\dist\out-tsc\e2e\app.po.js
C:\Data\subit\SubIt\Angular\dist\out-tsc\e2e\app.po.js.map
C:\Data\subit\SubIt\Angular\dist\out-tsc\e2e\app.e2e-spec.js
C:\Data\subit\SubIt\Angular\dist\out-tsc\e2e\app.e2e-spec.js.map
C:\Data\subit\SubIt\Angular\dist\out-tsc\src\app\account\models\token-response.js
C:\Data\subit\SubIt\Angular\dist\out-tsc\src\app\account\models\token-response.js.map
C:\Data\subit\SubIt\Angular\dist\out-tsc\src\app\account\models\user.js
C:\Data\subit\SubIt\Angular\dist\out-tsc\src\app\account\models\user.js.map
C:\Data\subit\SubIt\Angular\dist\out-tsc\src\app\account\account.service.js
C:\Data\subit\SubIt\Angular\dist\out-tsc\src\app\account\account.service.js.map
C:\Data\subit\SubIt\Angular\dist\out-tsc\src\app\account\account.component.js
C:\Data\subit\SubIt\Angular\dist\out-tsc\src\app\account\account.component.js.map
C:\Data\subit\SubIt\Angular\dist\out-tsc\src\app\account\register\register.component.js
C:\Data\subit\SubIt\Angular\dist\out-tsc\src\app\account\register\register.component.js.map
C:\Data\subit\SubIt\Angular\dist\out-tsc\src\app\blog\models\blog-comment.js
C:\Data\subit\SubIt\Angular\dist\out-tsc\src\app\blog\models\blog-comment.js.map
C:\Data\subit\SubIt\Angular\dist\out-tsc\src\app\blog\models\blog-entry-full.js
C:\Data\subit\SubIt\Angular\dist\out-tsc\src\app\blog\models\blog-entry-full.js.map
C:\Data\subit\SubIt\Angular\dist\out-tsc\src\app\blog\models\blog-entry.js
C:\Data\subit\SubIt\Angular\dist\out-tsc\src\app\blog\models\blog-entry.js.map
C:\Data\subit\SubIt\Angular\dist\out-tsc\src\app\blog\blog.service.js
C:\Data\subit\SubIt\Angular\dist\out-tsc\src\app\blog\blog.service.js.map
C:\Data\subit\SubIt\Angular\dist\out-tsc\src\app\blog\blog-entry\blog-entry.component.js
C:\Data\subit\SubIt\Angular\dist\out-tsc\src\app\blog\blog-entry\blog-entry.component.js.map
C:\Data\subit\SubIt\Angular\dist\out-tsc\src\app\blog\comment-list\comment-list.component.js
C:\Data\subit\SubIt\Angular\dist\out-tsc\src\app\blog\comment-list\comment-list.component.js.map
C:\Data\subit\SubIt\Angular\dist\out-tsc\src\app\blog\blog-list\blog-list.component.js
C:\Data\subit\SubIt\Angular\dist\out-tsc\src\app\blog\blog-list\blog-list.component.js.map
C:\Data\subit\SubIt\Angular\dist\out-tsc\src\app\blog\blog-entry-with-comments\blog-entry-with-comments.component.js
C:\Data\subit\SubIt\Angular\dist\out-tsc\src\app\blog\blog-entry-with-comments\blog-entry-with-comments.component.js.map
C:\Data\subit\SubIt\Angular\dist\out-tsc\src\app\admin\blog-manage\blog-manage.component.js
C:\Data\subit\SubIt\Angular\dist\out-tsc\src\app\admin\blog-manage\blog-manage.component.js.map
C:\Data\subit\SubIt\Angular\dist\out-tsc\src\app\admin\user-manage\user-manage.component.js
C:\Data\subit\SubIt\Angular\dist\out-tsc\src\app\admin\user-manage\user-manage.component.js.map
C:\Data\subit\SubIt\Angular\dist\out-tsc\src\app\app-routing.module.js
C:\Data\subit\SubIt\Angular\dist\out-tsc\src\app\app-routing.module.js.map
C:\Data\subit\SubIt\Angular\dist\out-tsc\src\app\app.component.js
C:\Data\subit\SubIt\Angular\dist\out-tsc\src\app\app.component.js.map
C:\Data\subit\SubIt\Angular\dist\out-tsc\src\app\account\login\login.component.js
C:\Data\subit\SubIt\Angular\dist\out-tsc\src\app\account\login\login.component.js.map
C:\Data\subit\SubIt\Angular\dist\out-tsc\src\app\app.module.js
C:\Data\subit\SubIt\Angular\dist\out-tsc\src\app\app.module.js.map
C:\Data\subit\SubIt\Angular\dist\out-tsc\src\environments\environment.js
C:\Data\subit\SubIt\Angular\dist\out-tsc\src\environments\environment.js.map
C:\Data\subit\SubIt\Angular\dist\out-tsc\src\main.js
C:\Data\subit\SubIt\Angular\dist\out-tsc\src\main.js.map
C:\Data\subit\SubIt\Angular\dist\out-tsc\src\polyfills.js
C:\Data\subit\SubIt\Angular\dist\out-tsc\src\polyfills.js.map
C:\Data\subit\SubIt\Angular\dist\out-tsc\src\test.js
C:\Data\subit\SubIt\Angular\dist\out-tsc\src\test.js.map
C:\Data\subit\SubIt\Angular\dist\out-tsc\src\environments\environment.prod.js
C:\Data\subit\SubIt\Angular\dist\out-tsc\src\environments\environment.prod.js.map
C:\Data\subit\SubIt\Angular\dist\out-tsc\src\app\app.component.spec.js
C:\Data\subit\SubIt\Angular\dist\out-tsc\src\app\app.component.spec.js.map
C:\Data\subit\SubIt\Angular\dist\out-tsc\src\app\blog\blog.service.spec.js
C:\Data\subit\SubIt\Angular\dist\out-tsc\src\app\blog\blog.service.spec.js.map
C:\Data\subit\SubIt\Angular\dist\out-tsc\src\app\blog\comment-list\comment-list.component.spec.js
C:\Data\subit\SubIt\Angular\dist\out-tsc\src\app\blog\comment-list\comment-list.component.spec.js.map
C:\Data\subit\SubIt\Angular\dist\out-tsc\src\app\blog\blog-list\blog-list.component.spec.js
C:\Data\subit\SubIt\Angular\dist\out-tsc\src\app\blog\blog-list\blog-list.component.spec.js.map
C:\Data\subit\SubIt\Angular\dist\out-tsc\src\app\blog\blog-entry-with-comments\blog-entry-with-comments.component.spec.js
C:\Data\subit\SubIt\Angular\dist\out-tsc\src\app\blog\blog-entry-with-comments\blog-entry-with-comments.component.spec.js.map
C:\Data\subit\SubIt\Angular\dist\out-tsc\src\app\blog\blog-entry\blog-entry.component.spec.js
C:\Data\subit\SubIt\Angular\dist\out-tsc\src\app\blog\blog-entry\blog-entry.component.spec.js.map
C:\Data\subit\SubIt\Angular\dist\out-tsc\src\app\admin\user-manage\user-manage.component.spec.js
C:\Data\subit\SubIt\Angular\dist\out-tsc\src\app\admin\user-manage\user-manage.component.spec.js.map
C:\Data\subit\SubIt\Angular\dist\out-tsc\src\app\admin\blog-manage\blog-manage.component.spec.js
C:\Data\subit\SubIt\Angular\dist\out-tsc\src\app\admin\blog-manage\blog-manage.component.spec.js.map
C:\Data\subit\SubIt\Angular\dist\out-tsc\src\app\account\account.component.spec.js
C:\Data\subit\SubIt\Angular\dist\out-tsc\src\app\account\account.component.spec.js.map
C:\Data\subit\SubIt\Angular\dist\out-tsc\src\app\account\account.service.spec.js
C:\Data\subit\SubIt\Angular\dist\out-tsc\src\app\account\account.service.spec.js.map
C:\Data\subit\SubIt\Angular\dist\out-tsc\src\app\account\register\register.component.spec.js
C:\Data\subit\SubIt\Angular\dist\out-tsc\src\app\account\register\register.component.spec.js.map
C:\Data\subit\SubIt\Angular\dist\out-tsc\src\app\account\login\login.component.spec.js
C:\Data\subit\SubIt\Angular\dist\out-tsc\src\app\account\login\login.component.spec.js.map
C:\Data\subit\SubIt\Angular\dist\out-tsc\e2e\app.po.js
C:\Data\subit\SubIt\Angular\dist\out-tsc\e2e\app.po.js.map
C:\Data\subit\SubIt\Angular\dist\out-tsc\e2e\app.e2e-spec.js
C:\Data\subit\SubIt\Angular\dist\out-tsc\e2e\app.e2e-spec.js.map
C:\Data\subit\SubIt\Angular\dist\out-tsc\src\app\account\models\token-response.js
C:\Data\subit\SubIt\Angular\dist\out-tsc\src\app\account\models\token-response.js.map
C:\Data\subit\SubIt\Angular\dist\out-tsc\src\app\account\models\user.js
C:\Data\subit\SubIt\Angular\dist\out-tsc\src\app\account\models\user.js.map
C:\Data\subit\SubIt\Angular\dist\out-tsc\src\app\account\account.service.js
C:\Data\subit\SubIt\Angular\dist\out-tsc\src\app\account\account.service.js.map
C:\Data\subit\SubIt\Angular\dist\out-tsc\src\app\account\account.component.js
C:\Data\subit\SubIt\Angular\dist\out-tsc\src\app\account\account.component.js.map
C:\Data\subit\SubIt\Angular\dist\out-tsc\src\app\account\register\register.component.js
C:\Data\subit\SubIt\Angular\dist\out-tsc\src\app\account\register\register.component.js.map
C:\Data\subit\SubIt\Angular\dist\out-tsc\src\app\blog\models\blog-comment.js
C:\Data\subit\SubIt\Angular\dist\out-tsc\src\app\blog\models\blog-comment.js.map
C:\Data\subit\SubIt\Angular\dist\out-tsc\src\app\blog\models\blog-entry-full.js
C:\Data\subit\SubIt\Angular\dist\out-tsc\src\app\blog\models\blog-entry-full.js.map
C:\Data\subit\SubIt\Angular\dist\out-tsc\src\app\blog\models\blog-entry.js
C:\Data\subit\SubIt\Angular\dist\out-tsc\src\app\blog\models\blog-entry.js.map
C:\Data\subit\SubIt\Angular\dist\out-tsc\src\app\blog\blog.service.js
C:\Data\subit\SubIt\Angular\dist\out-tsc\src\app\blog\blog.service.js.map
C:\Data\subit\SubIt\Angular\dist\out-tsc\src\app\blog\blog-entry\blog-entry.component.js
C:\Data\subit\SubIt\Angular\dist\out-tsc\src\app\blog\blog-entry\blog-entry.component.js.map
C:\Data\subit\SubIt\Angular\dist\out-tsc\src\app\blog\comment-list\comment-list.component.js
C:\Data\subit\SubIt\Angular\dist\out-tsc\src\app\blog\comment-list\comment-list.component.js.map
C:\Data\subit\SubIt\Angular\dist\out-tsc\src\app\blog\blog-list\blog-list.component.js
C:\Data\subit\SubIt\Angular\dist\out-tsc\src\app\blog\blog-list\blog-list.component.js.map
C:\Data\subit\SubIt\Angular\dist\out-tsc\src\app\blog\blog-entry-with-comments\blog-entry-with-comments.component.js
C:\Data\subit\SubIt\Angular\dist\out-tsc\src\app\blog\blog-entry-with-comments\blog-entry-with-comments.component.js.map
C:\Data\subit\SubIt\Angular\dist\out-tsc\src\app\admin\blog-manage\blog-manage.component.js
C:\Data\subit\SubIt\Angular\dist\out-tsc\src\app\admin\blog-manage\blog-manage.component.js.map
C:\Data\subit\SubIt\Angular\dist\out-tsc\src\app\admin\user-manage\user-manage.component.js
C:\Data\subit\SubIt\Angular\dist\out-tsc\src\app\admin\user-manage\user-manage.component.js.map
C:\Data\subit\SubIt\Angular\dist\out-tsc\src\app\app-routing.module.js
C:\Data\subit\SubIt\Angular\dist\out-tsc\src\app\app-routing.module.js.map
C:\Data\subit\SubIt\Angular\dist\out-tsc\src\app\app.component.js
C:\Data\subit\SubIt\Angular\dist\out-tsc\src\app\app.component.js.map
C:\Data\subit\SubIt\Angular\dist\out-tsc\src\app\account\login\login.component.js
C:\Data\subit\SubIt\Angular\dist\out-tsc\src\app\account\login\login.component.js.map
C:\Data\subit\SubIt\Angular\dist\out-tsc\src\app\app.module.js
C:\Data\subit\SubIt\Angular\dist\out-tsc\src\app\app.module.js.map
C:\Data\subit\SubIt\Angular\dist\out-tsc\src\environments\environment.js
C:\Data\subit\SubIt\Angular\dist\out-tsc\src\environments\environment.js.map
C:\Data\subit\SubIt\Angular\dist\out-tsc\src\main.js
C:\Data\subit\SubIt\Angular\dist\out-tsc\src\main.js.map
C:\Data\subit\SubIt\Angular\dist\out-tsc\src\polyfills.js
C:\Data\subit\SubIt\Angular\dist\out-tsc\src\polyfills.js.map
C:\Data\subit\SubIt\Angular\dist\out-tsc\src\test.js
C:\Data\subit\SubIt\Angular\dist\out-tsc\src\test.js.map
C:\Data\subit\SubIt\Angular\dist\out-tsc\src\environments\environment.prod.js
C:\Data\subit\SubIt\Angular\dist\out-tsc\src\environments\environment.prod.js.map
C:\Data\subit\SubIt\Angular\dist\out-tsc\src\app\app.component.spec.js
C:\Data\subit\SubIt\Angular\dist\out-tsc\src\app\app.component.spec.js.map
C:\Data\subit\SubIt\Angular\dist\out-tsc\src\app\blog\blog.service.spec.js
C:\Data\subit\SubIt\Angular\dist\out-tsc\src\app\blog\blog.service.spec.js.map
C:\Data\subit\SubIt\Angular\dist\out-tsc\src\app\blog\comment-list\comment-list.component.spec.js
C:\Data\subit\SubIt\Angular\dist\out-tsc\src\app\blog\comment-list\comment-list.component.spec.js.map
C:\Data\subit\SubIt\Angular\dist\out-tsc\src\app\blog\blog-list\blog-list.component.spec.js
C:\Data\subit\SubIt\Angular\dist\out-tsc\src\app\blog\blog-list\blog-list.component.spec.js.map
C:\Data\subit\SubIt\Angular\dist\out-tsc\src\app\blog\blog-entry-with-comments\blog-entry-with-comments.component.spec.js
C:\Data\subit\SubIt\Angular\dist\out-tsc\src\app\blog\blog-entry-with-comments\blog-entry-with-comments.component.spec.js.map
C:\Data\subit\SubIt\Angular\dist\out-tsc\src\app\blog\blog-entry\blog-entry.component.spec.js
C:\Data\subit\SubIt\Angular\dist\out-tsc\src\app\blog\blog-entry\blog-entry.component.spec.js.map
C:\Data\subit\SubIt\Angular\dist\out-tsc\src\app\admin\user-manage\user-manage.component.spec.js
C:\Data\subit\SubIt\Angular\dist\out-tsc\src\app\admin\user-manage\user-manage.component.spec.js.map
C:\Data\subit\SubIt\Angular\dist\out-tsc\src\app\admin\blog-manage\blog-manage.component.spec.js
C:\Data\subit\SubIt\Angular\dist\out-tsc\src\app\admin\blog-manage\blog-manage.component.spec.js.map
C:\Data\subit\SubIt\Angular\dist\out-tsc\src\app\account\account.component.spec.js
C:\Data\subit\SubIt\Angular\dist\out-tsc\src\app\account\account.component.spec.js.map
C:\Data\subit\SubIt\Angular\dist\out-tsc\src\app\account\account.service.spec.js
C:\Data\subit\SubIt\Angular\dist\out-tsc\src\app\account\account.service.spec.js.map
C:\Data\subit\SubIt\Angular\dist\out-tsc\src\app\account\register\register.component.spec.js
C:\Data\subit\SubIt\Angular\dist\out-tsc\src\app\account\register\register.component.spec.js.map
C:\Data\subit\SubIt\Angular\dist\out-tsc\src\app\account\login\login.component.spec.js
C:\Data\subit\SubIt\Angular\dist\out-tsc\src\app\account\login\login.component.spec.js.map
C:\Data\subit\SubIt\Angular\dist\out-tsc\e2e\app.po.js
C:\Data\subit\SubIt\Angular\dist\out-tsc\e2e\app.po.js.map
C:\Data\subit\SubIt\Angular\dist\out-tsc\e2e\app.e2e-spec.js
C:\Data\subit\SubIt\Angular\dist\out-tsc\e2e\app.e2e-spec.js.map
C:\Data\subit\SubIt\Angular\dist\out-tsc\src\app\account\models\token-response.js
C:\Data\subit\SubIt\Angular\dist\out-tsc\src\app\account\models\token-response.js.map
C:\Data\subit\SubIt\Angular\dist\out-tsc\src\app\account\models\user.js
C:\Data\subit\SubIt\Angular\dist\out-tsc\src\app\account\models\user.js.map
C:\Data\subit\SubIt\Angular\dist\out-tsc\src\app\account\account.service.js
C:\Data\subit\SubIt\Angular\dist\out-tsc\src\app\account\account.service.js.map
C:\Data\subit\SubIt\Angular\dist\out-tsc\src\app\account\account.component.js
C:\Data\subit\SubIt\Angular\dist\out-tsc\src\app\account\account.component.js.map
C:\Data\subit\SubIt\Angular\dist\out-tsc\src\app\account\register\register.component.js
C:\Data\subit\SubIt\Angular\dist\out-tsc\src\app\account\register\register.component.js.map
C:\Data\subit\SubIt\Angular\dist\out-tsc\src\app\blog\models\blog-comment.js
C:\Data\subit\SubIt\Angular\dist\out-tsc\src\app\blog\models\blog-comment.js.map
C:\Data\subit\SubIt\Angular\dist\out-tsc\src\app\blog\models\blog-entry-full.js
C:\Data\subit\SubIt\Angular\dist\out-tsc\src\app\blog\models\blog-entry-full.js.map
C:\Data\subit\SubIt\Angular\dist\out-tsc\src\app\blog\models\blog-entry.js
C:\Data\subit\SubIt\Angular\dist\out-tsc\src\app\blog\models\blog-entry.js.map
C:\Data\subit\SubIt\Angular\dist\out-tsc\src\app\blog\blog.service.js
C:\Data\subit\SubIt\Angular\dist\out-tsc\src\app\blog\blog.service.js.map
C:\Data\subit\SubIt\Angular\dist\out-tsc\src\app\blog\blog-entry\blog-entry.component.js
C:\Data\subit\SubIt\Angular\dist\out-tsc\src\app\blog\blog-entry\blog-entry.component.js.map
C:\Data\subit\SubIt\Angular\dist\out-tsc\src\app\blog\comment-list\comment-list.component.js
C:\Data\subit\SubIt\Angular\dist\out-tsc\src\app\blog\comment-list\comment-list.component.js.map
C:\Data\subit\SubIt\Angular\dist\out-tsc\src\app\blog\blog-list\blog-list.component.js
C:\Data\subit\SubIt\Angular\dist\out-tsc\src\app\blog\blog-list\blog-list.component.js.map
C:\Data\subit\SubIt\Angular\dist\out-tsc\src\app\blog\blog-entry-with-comments\blog-entry-with-comments.component.js
C:\Data\subit\SubIt\Angular\dist\out-tsc\src\app\blog\blog-entry-with-comments\blog-entry-with-comments.component.js.map
C:\Data\subit\SubIt\Angular\dist\out-tsc\src\app\admin\blog-manage\blog-manage.component.js
C:\Data\subit\SubIt\Angular\dist\out-tsc\src\app\admin\blog-manage\blog-manage.component.js.map
C:\Data\subit\SubIt\Angular\dist\out-tsc\src\app\admin\user-manage\user-manage.component.js
C:\Data\subit\SubIt\Angular\dist\out-tsc\src\app\admin\user-manage\user-manage.component.js.map
C:\Data\subit\SubIt\Angular\dist\out-tsc\src\app\app-routing.module.js
C:\Data\subit\SubIt\Angular\dist\out-tsc\src\app\app-routing.module.js.map
C:\Data\subit\SubIt\Angular\dist\out-tsc\src\app\app.component.js
C:\Data\subit\SubIt\Angular\dist\out-tsc\src\app\app.component.js.map
C:\Data\subit\SubIt\Angular\dist\out-tsc\src\app\account\login\login.component.js
C:\Data\subit\SubIt\Angular\dist\out-tsc\src\app\account\login\login.component.js.map
C:\Data\subit\SubIt\Angular\dist\out-tsc\src\app\app.module.js
C:\Data\subit\SubIt\Angular\dist\out-tsc\src\app\app.module.js.map
C:\Data\subit\SubIt\Angular\dist\out-tsc\src\environments\environment.js
C:\Data\subit\SubIt\Angular\dist\out-tsc\src\environments\environment.js.map
C:\Data\subit\SubIt\Angular\dist\out-tsc\src\main.js
C:\Data\subit\SubIt\Angular\dist\out-tsc\src\main.js.map
C:\Data\subit\SubIt\Angular\dist\out-tsc\src\polyfills.js
C:\Data\subit\SubIt\Angular\dist\out-tsc\src\polyfills.js.map
C:\Data\subit\SubIt\Angular\dist\out-tsc\src\test.js
C:\Data\subit\SubIt\Angular\dist\out-tsc\src\test.js.map
C:\Data\subit\SubIt\Angular\dist\out-tsc\src\environments\environment.prod.js
C:\Data\subit\SubIt\Angular\dist\out-tsc\src\environments\environment.prod.js.map
C:\Data\subit\SubIt\Angular\dist\out-tsc\src\app\app.component.spec.js
C:\Data\subit\SubIt\Angular\dist\out-tsc\src\app\app.component.spec.js.map
C:\Data\subit\SubIt\Angular\dist\out-tsc\src\app\blog\blog.service.spec.js
C:\Data\subit\SubIt\Angular\dist\out-tsc\src\app\blog\blog.service.spec.js.map
C:\Data\subit\SubIt\Angular\dist\out-tsc\src\app\blog\comment-list\comment-list.component.spec.js
C:\Data\subit\SubIt\Angular\dist\out-tsc\src\app\blog\comment-list\comment-list.component.spec.js.map
C:\Data\subit\SubIt\Angular\dist\out-tsc\src\app\blog\blog-list\blog-list.component.spec.js
C:\Data\subit\SubIt\Angular\dist\out-tsc\src\app\blog\blog-list\blog-list.component.spec.js.map
C:\Data\subit\SubIt\Angular\dist\out-tsc\src\app\blog\blog-entry-with-comments\blog-entry-with-comments.component.spec.js
C:\Data\subit\SubIt\Angular\dist\out-tsc\src\app\blog\blog-entry-with-comments\blog-entry-with-comments.component.spec.js.map
C:\Data\subit\SubIt\Angular\dist\out-tsc\src\app\blog\blog-entry\blog-entry.component.spec.js
C:\Data\subit\SubIt\Angular\dist\out-tsc\src\app\blog\blog-entry\blog-entry.component.spec.js.map
C:\Data\subit\SubIt\Angular\dist\out-tsc\src\app\admin\user-manage\user-manage.component.spec.js
C:\Data\subit\SubIt\Angular\dist\out-tsc\src\app\admin\user-manage\user-manage.component.spec.js.map
C:\Data\subit\SubIt\Angular\dist\out-tsc\src\app\admin\blog-manage\blog-manage.component.spec.js
C:\Data\subit\SubIt\Angular\dist\out-tsc\src\app\admin\blog-manage\blog-manage.component.spec.js.map
C:\Data\subit\SubIt\Angular\dist\out-tsc\src\app\account\account.component.spec.js
C:\Data\subit\SubIt\Angular\dist\out-tsc\src\app\account\account.component.spec.js.map
C:\Data\subit\SubIt\Angular\dist\out-tsc\src\app\account\account.service.spec.js
C:\Data\subit\SubIt\Angular\dist\out-tsc\src\app\account\account.service.spec.js.map
C:\Data\subit\SubIt\Angular\dist\out-tsc\src\app\account\register\register.component.spec.js
C:\Data\subit\SubIt\Angular\dist\out-tsc\src\app\account\register\register.component.spec.js.map
C:\Data\subit\SubIt\Angular\dist\out-tsc\src\app\account\login\login.component.spec.js
C:\Data\subit\SubIt\Angular\dist\out-tsc\src\app\account\login\login.component.spec.js.map
C:\Data\subit\SubIt\Angular\dist\out-tsc\e2e\app.po.js
C:\Data\subit\SubIt\Angular\dist\out-tsc\e2e\app.po.js.map
C:\Data\subit\SubIt\Angular\dist\out-tsc\e2e\app.e2e-spec.js
C:\Data\subit\SubIt\Angular\dist\out-tsc\e2e\app.e2e-spec.js.map
C:\Data\subit\SubIt\Angular\dist\out-tsc\src\app\account\models\token-response.js
C:\Data\subit\SubIt\Angular\dist\out-tsc\src\app\account\models\token-response.js.map
C:\Data\subit\SubIt\Angular\dist\out-tsc\src\app\account\models\user.js
C:\Data\subit\SubIt\Angular\dist\out-tsc\src\app\account\models\user.js.map
C:\Data\subit\SubIt\Angular\dist\out-tsc\src\app\account\account.service.js
C:\Data\subit\SubIt\Angular\dist\out-tsc\src\app\account\account.service.js.map
C:\Data\subit\SubIt\Angular\dist\out-tsc\src\app\account\account.component.js
C:\Data\subit\SubIt\Angular\dist\out-tsc\src\app\account\account.component.js.map
C:\Data\subit\SubIt\Angular\dist\out-tsc\src\app\account\register\register.component.js
C:\Data\subit\SubIt\Angular\dist\out-tsc\src\app\account\register\register.component.js.map
C:\Data\subit\SubIt\Angular\dist\out-tsc\src\app\blog\models\blog-comment.js
C:\Data\subit\SubIt\Angular\dist\out-tsc\src\app\blog\models\blog-comment.js.map
C:\Data\subit\SubIt\Angular\dist\out-tsc\src\app\blog\models\blog-entry-full.js
C:\Data\subit\SubIt\Angular\dist\out-tsc\src\app\blog\models\blog-entry-full.js.map
C:\Data\subit\SubIt\Angular\dist\out-tsc\src\app\blog\models\blog-entry.js
C:\Data\subit\SubIt\Angular\dist\out-tsc\src\app\blog\models\blog-entry.js.map
C:\Data\subit\SubIt\Angular\dist\out-tsc\src\app\blog\blog.service.js
C:\Data\subit\SubIt\Angular\dist\out-tsc\src\app\blog\blog.service.js.map
C:\Data\subit\SubIt\Angular\dist\out-tsc\src\app\blog\blog-entry\blog-entry.component.js
C:\Data\subit\SubIt\Angular\dist\out-tsc\src\app\blog\blog-entry\blog-entry.component.js.map
C:\Data\subit\SubIt\Angular\dist\out-tsc\src\app\blog\comment-list\comment-list.component.js
C:\Data\subit\SubIt\Angular\dist\out-tsc\src\app\blog\comment-list\comment-list.component.js.map
C:\Data\subit\SubIt\Angular\dist\out-tsc\src\app\blog\blog-list\blog-list.component.js
C:\Data\subit\SubIt\Angular\dist\out-tsc\src\app\blog\blog-list\blog-list.component.js.map
C:\Data\subit\SubIt\Angular\dist\out-tsc\src\app\blog\blog-entry-with-comments\blog-entry-with-comments.component.js
C:\Data\subit\SubIt\Angular\dist\out-tsc\src\app\blog\blog-entry-with-comments\blog-entry-with-comments.component.js.map
C:\Data\subit\SubIt\Angular\dist\out-tsc\src\app\admin\blog-manage\blog-manage.component.js
C:\Data\subit\SubIt\Angular\dist\out-tsc\src\app\admin\blog-manage\blog-manage.component.js.map
C:\Data\subit\SubIt\Angular\dist\out-tsc\src\app\admin\user-manage\user-manage.component.js
C:\Data\subit\SubIt\Angular\dist\out-tsc\src\app\admin\user-manage\user-manage.component.js.map
C:\Data\subit\SubIt\Angular\dist\out-tsc\src\app\app-routing.module.js
C:\Data\subit\SubIt\Angular\dist\out-tsc\src\app\app-routing.module.js.map
C:\Data\subit\SubIt\Angular\dist\out-tsc\src\app\app.component.js
C:\Data\subit\SubIt\Angular\dist\out-tsc\src\app\app.component.js.map
C:\Data\subit\SubIt\Angular\dist\out-tsc\src\app\account\login\login.component.js
C:\Data\subit\SubIt\Angular\dist\out-tsc\src\app\account\login\login.component.js.map
C:\Data\subit\SubIt\Angular\dist\out-tsc\src\app\app.module.js
C:\Data\subit\SubIt\Angular\dist\out-tsc\src\app\app.module.js.map
C:\Data\subit\SubIt\Angular\dist\out-tsc\src\environments\environment.js
C:\Data\subit\SubIt\Angular\dist\out-tsc\src\environments\environment.js.map
C:\Data\subit\SubIt\Angular\dist\out-tsc\src\main.js
C:\Data\subit\SubIt\Angular\dist\out-tsc\src\main.js.map
C:\Data\subit\SubIt\Angular\dist\out-tsc\src\polyfills.js
C:\Data\subit\SubIt\Angular\dist\out-tsc\src\polyfills.js.map
C:\Data\subit\SubIt\Angular\dist\out-tsc\src\test.js
C:\Data\subit\SubIt\Angular\dist\out-tsc\src\test.js.map
C:\Data\subit\SubIt\Angular\dist\out-tsc\src\environments\environment.prod.js
C:\Data\subit\SubIt\Angular\dist\out-tsc\src\environments\environment.prod.js.map
C:\Data\subit\SubIt\Angular\dist\out-tsc\src\app\app.component.spec.js
C:\Data\subit\SubIt\Angular\dist\out-tsc\src\app\app.component.spec.js.map
C:\Data\subit\SubIt\Angular\dist\out-tsc\src\app\blog\blog.service.spec.js
C:\Data\subit\SubIt\Angular\dist\out-tsc\src\app\blog\blog.service.spec.js.map
C:\Data\subit\SubIt\Angular\dist\out-tsc\src\app\blog\comment-list\comment-list.component.spec.js
C:\Data\subit\SubIt\Angular\dist\out-tsc\src\app\blog\comment-list\comment-list.component.spec.js.map
C:\Data\subit\SubIt\Angular\dist\out-tsc\src\app\blog\blog-list\blog-list.component.spec.js
C:\Data\subit\SubIt\Angular\dist\out-tsc\src\app\blog\blog-list\blog-list.component.spec.js.map
C:\Data\subit\SubIt\Angular\dist\out-tsc\src\app\blog\blog-entry-with-comments\blog-entry-with-comments.component.spec.js
C:\Data\subit\SubIt\Angular\dist\out-tsc\src\app\blog\blog-entry-with-comments\blog-entry-with-comments.component.spec.js.map
C:\Data\subit\SubIt\Angular\dist\out-tsc\src\app\blog\blog-entry\blog-entry.component.spec.js
C:\Data\subit\SubIt\Angular\dist\out-tsc\src\app\blog\blog-entry\blog-entry.component.spec.js.map
C:\Data\subit\SubIt\Angular\dist\out-tsc\src\app\admin\user-manage\user-manage.component.spec.js
C:\Data\subit\SubIt\Angular\dist\out-tsc\src\app\admin\user-manage\user-manage.component.spec.js.map
C:\Data\subit\SubIt\Angular\dist\out-tsc\src\app\admin\blog-manage\blog-manage.component.spec.js
C:\Data\subit\SubIt\Angular\dist\out-tsc\src\app\admin\blog-manage\blog-manage.component.spec.js.map
C:\Data\subit\SubIt\Angular\dist\out-tsc\src\app\account\account.component.spec.js
C:\Data\subit\SubIt\Angular\dist\out-tsc\src\app\account\account.component.spec.js.map
C:\Data\subit\SubIt\Angular\dist\out-tsc\src\app\account\account.service.spec.js
C:\Data\subit\SubIt\Angular\dist\out-tsc\src\app\account\account.service.spec.js.map
C:\Data\subit\SubIt\Angular\dist\out-tsc\src\app\account\register\register.component.spec.js
C:\Data\subit\SubIt\Angular\dist\out-tsc\src\app\account\register\register.component.spec.js.map
C:\Data\subit\SubIt\Angular\dist\out-tsc\src\app\account\login\login.component.spec.js
C:\Data\subit\SubIt\Angular\dist\out-tsc\src\app\account\login\login.component.spec.js.map
C:\Data\subit\SubIt\Angular\dist\out-tsc\e2e\app.po.js
C:\Data\subit\SubIt\Angular\dist\out-tsc\e2e\app.po.js.map
C:\Data\subit\SubIt\Angular\dist\out-tsc\e2e\app.e2e-spec.js
C:\Data\subit\SubIt\Angular\dist\out-tsc\e2e\app.e2e-spec.js.map
